<?xml version="1.0" encoding="UTF-8"?>
<!-- Generated by org.testng.reporters.JUnitReportReporter -->
<testsuite hostname="LTIN233400" failures="0" tests="6" name="testCases.TC_004_SendingGiftCardTest" time="24.333" errors="0" timestamp="2024-02-06T13:09:30 IST" skipped="0">
  <testcase classname="testCases.TC_004_SendingGiftCardTest" name="verifySearchCabs" time="11.815"/>
  <testcase classname="testCases.TC_004_SendingGiftCardTest" name="verifyCabsResult" time="3.177"/>
  <testcase classname="testCases.TC_004_SendingGiftCardTest" name="verifyGiftCard" time="3.773"/>
  <testcase classname="testCases.TC_004_SendingGiftCardTest" name="verifyClickingOnEmail" time="2.349"/>
  <testcase classname="testCases.TC_004_SendingGiftCardTest" name="verifyGiftCardDetails" time="3.115"/>
  <testcase classname="testCases.TC_004_SendingGiftCardTest" name="verifyErrorMsg" time="0.104"/>
</testsuite> <!-- testCases.TC_004_SendingGiftCardTest -->
