<?xml version="1.0" encoding="UTF-8"?>
<!-- Generated by org.testng.reporters.JUnitReportReporter -->
<testsuite hostname="LTIN233400" failures="0" tests="2" name="testCases.TC_002_CabsResultTest" time="12.873" errors="0" timestamp="2024-02-05T19:10:35 IST" skipped="0">
  <testcase classname="testCases.TC_002_CabsResultTest" name="verifySearchCabs" time="8.532"/>
  <testcase classname="testCases.TC_002_CabsResultTest" name="verifyCabsResult" time="4.341"/>
</testsuite> <!-- testCases.TC_002_CabsResultTest -->
