<?xml version="1.0" encoding="UTF-8"?>
<!-- Generated by org.testng.reporters.JUnitReportReporter -->
<testsuite hostname="LTIN233400" failures="0" tests="8" name="testCases.TC_005_HotelAdultsNumberTest" time="51.817" errors="0" timestamp="2024-02-13T13:04:32 IST" skipped="0">
  <testcase classname="testCases.TC_005_HotelAdultsNumberTest" name="verifySearchCabs" time="17.493"/>
  <testcase classname="testCases.TC_005_HotelAdultsNumberTest" name="verifyCabsResult" time="4.830"/>
  <testcase classname="testCases.TC_005_HotelAdultsNumberTest" name="verifyGiftCard" time="17.723"/>
  <testcase classname="testCases.TC_005_HotelAdultsNumberTest" name="verifyClickingOnEmail" time="1.717"/>
  <testcase classname="testCases.TC_005_HotelAdultsNumberTest" name="verifyGiftCardDetails" time="2.704"/>
  <testcase classname="testCases.TC_005_HotelAdultsNumberTest" name="verifyErrorMsg" time="0.283"/>
  <testcase classname="testCases.TC_005_HotelAdultsNumberTest" name="verifyClickOnHotels" time="0.368"/>
  <testcase classname="testCases.TC_005_HotelAdultsNumberTest" name="verifyNoForAdults" time="6.699"/>
</testsuite> <!-- testCases.TC_005_HotelAdultsNumberTest -->
