<?xml version="1.0" encoding="UTF-8"?>
<!-- Generated by org.testng.reporters.JUnitReportReporter -->
<testsuite hostname="LTIN233400" failures="0" tests="8" name="testCases.TC_005_HotelAdultsNumberTest" time="28.874" errors="0" timestamp="2024-02-15T00:15:00 IST" skipped="0">
  <testcase classname="testCases.TC_005_HotelAdultsNumberTest" name="verifySearchCabs" time="14.659"/>
  <testcase classname="testCases.TC_005_HotelAdultsNumberTest" name="verifyCabsResult" time="1.956"/>
  <testcase classname="testCases.TC_005_HotelAdultsNumberTest" name="verifyGiftCard" time="3.949"/>
  <testcase classname="testCases.TC_005_HotelAdultsNumberTest" name="verifyClickingOnEmail" time="0.281"/>
  <testcase classname="testCases.TC_005_HotelAdultsNumberTest" name="verifyGiftCardDetails" time="2.824"/>
  <testcase classname="testCases.TC_005_HotelAdultsNumberTest" name="verifyErrorMsg" time="0.343"/>
  <testcase classname="testCases.TC_005_HotelAdultsNumberTest" name="verifyClickOnHotels" time="0.367"/>
  <testcase classname="testCases.TC_005_HotelAdultsNumberTest" name="verifyNoForAdults" time="4.495"/>
</testsuite> <!-- testCases.TC_005_HotelAdultsNumberTest -->
