<?xml version="1.0" encoding="UTF-8"?>
<!-- Generated by org.testng.reporters.JUnitReportReporter -->
<testsuite hostname="LTIN233400" failures="0" tests="8" name="testCases.TC_005_HotelAdultsNumberTest" time="23.228" errors="0" timestamp="2024-02-10T18:18:09 IST" skipped="0">
  <testcase classname="testCases.TC_005_HotelAdultsNumberTest" name="verifySearchCabs" time="13.140"/>
  <testcase classname="testCases.TC_005_HotelAdultsNumberTest" name="verifyCabsResult" time="2.236"/>
  <testcase classname="testCases.TC_005_HotelAdultsNumberTest" name="verifyGiftCard" time="2.525"/>
  <testcase classname="testCases.TC_005_HotelAdultsNumberTest" name="verifyClickingOnEmail" time="0.867"/>
  <testcase classname="testCases.TC_005_HotelAdultsNumberTest" name="verifyGiftCardDetails" time="2.279"/>
  <testcase classname="testCases.TC_005_HotelAdultsNumberTest" name="verifyErrorMsg" time="0.062"/>
  <testcase classname="testCases.TC_005_HotelAdultsNumberTest" name="verifyClickOnHotels" time="0.245"/>
  <testcase classname="testCases.TC_005_HotelAdultsNumberTest" name="verifyNoForAdults" time="1.874"/>
</testsuite> <!-- testCases.TC_005_HotelAdultsNumberTest -->
