<?xml version="1.0" encoding="UTF-8"?>
<!-- Generated by org.testng.reporters.JUnitReportReporter -->
<testsuite hostname="LTIN233400" failures="0" tests="1" name="testCases.TC_001_SearchCabsTest" time="8.521" errors="0" timestamp="2024-02-05T19:05:54 IST" skipped="0">
  <testcase classname="testCases.TC_001_SearchCabsTest" name="verifySearchCabs" time="8.521"/>
</testsuite> <!-- testCases.TC_001_SearchCabsTest -->
