<?xml version="1.0" encoding="UTF-8"?>
<!-- Generated by org.testng.reporters.JUnitReportReporter -->
<testsuite hostname="LTIN233400" failures="0" tests="3" name="testCases.TC_003_GiftCardTest" time="14.250" errors="0" timestamp="2024-02-05T21:10:48 IST" skipped="0">
  <testcase classname="testCases.TC_003_GiftCardTest" name="verifySearchCabs" time="9.279"/>
  <testcase classname="testCases.TC_003_GiftCardTest" name="verifyCabsResult" time="1.860"/>
  <testcase classname="testCases.TC_003_GiftCardTest" name="verifyGiftCard" time="3.111"/>
</testsuite> <!-- testCases.TC_003_GiftCardTest -->
