<?xml version="1.0" encoding="UTF-8"?>
<!-- Generated by org.testng.reporters.JUnitReportReporter -->
<testsuite hostname="LTIN233400" failures="0" tests="8" name="testCases.TC_005_HotelAdultsNumberTest" time="23.670" errors="0" timestamp="2024-02-09T00:04:26 IST" skipped="0">
  <testcase classname="testCases.TC_005_HotelAdultsNumberTest" name="verifySearchCabs" time="13.393"/>
  <testcase classname="testCases.TC_005_HotelAdultsNumberTest" name="verifyCabsResult" time="1.446"/>
  <testcase classname="testCases.TC_005_HotelAdultsNumberTest" name="verifyGiftCard" time="2.911"/>
  <testcase classname="testCases.TC_005_HotelAdultsNumberTest" name="verifyClickingOnEmail" time="0.618"/>
  <testcase classname="testCases.TC_005_HotelAdultsNumberTest" name="verifyGiftCardDetails" time="2.800"/>
  <testcase classname="testCases.TC_005_HotelAdultsNumberTest" name="verifyErrorMsg" time="0.088"/>
  <testcase classname="testCases.TC_005_HotelAdultsNumberTest" name="verifyClickOnHotels" time="0.499"/>
  <testcase classname="testCases.TC_005_HotelAdultsNumberTest" name="verifyNoForAdults" time="1.915"/>
</testsuite> <!-- testCases.TC_005_HotelAdultsNumberTest -->
